<?xml version="1.0" encoding="UTF-8"?>
<testsuite xmlns:xsi="http://www.w3.org/2001/XMLSchema-instance" xsi:noNamespaceSchemaLocation="https://maven.apache.org/surefire/maven-surefire-plugin/xsd/surefire-test-report-3.0.xsd" version="3.0" name="service.OllamaServiceTest" time="93.778" tests="3" errors="0" skipped="0" failures="1">
  <properties>
[...]
</properties>
  <testcase name="testGenerateSummary" classname="service.OllamaServiceTest" time="9.15">
    <system-out><![CDATA[
======================================================================
OLLAMA SERVICE TEST
======================================================================
Start time: 2025-11-13T15:45:06.358346600


Test 1: Generate Chapter Summary...
Summary length: 639 chars
Preview: Chương 1: Máy học cơ bản (Machine Learning)

Máy học là phần của Trí tuệ nhân tạo (AI), giúp máy tín...
Time: 8789ms
]]></system-out>
    <system-err><![CDATA[Nov 13, 2025 3:45:06 PM config.ConfigAPIKey <clinit>
INFO: Config loaded successfully with 8 properties
Nov 13, 2025 3:45:06 PM config.ConfigAPIKey lambda$static$0
INFO: Config key: faiss.server.url = http://localhost:5000
Nov 13, 2025 3:45:06 PM config.ConfigAPIKey lambda$static$0
INFO: Config key: upload.directory = ${user.home}/BookAI/uploads
Nov 13, 2025 3:45:06 PM config.ConfigAPIKey lambda$static$0
INFO: Config key: db.user = sa
Nov 13, 2025 3:45:06 PM config.ConfigAPIKey lambda$static$0
INFO: Config key: db.password = 123
Nov 13, 2025 3:45:06 PM config.ConfigAPIKey lambda$static$0
INFO: Config key: gemini.base.url = https://generativelanguage.googleapis.com/v1beta/models/gemini-1.5-flash:generateContent
Nov 13, 2025 3:45:06 PM config.ConfigAPIKey lambda$static$0
INFO: Config key: gemini.api.key = AIzaSyB9lNF6nKa9aTMPXrN9lKvnPnMgV8X374E
Nov 13, 2025 3:45:06 PM config.ConfigAPIKey lambda$static$0
INFO: Config key: ollama.flask.api.url = http://localhost:5001/chat
Nov 13, 2025 3:45:06 PM config.ConfigAPIKey lambda$static$0
INFO: Config key: db.url = jdbc:sqlserver://localhost:1433;databaseName=BookAI;encrypt=true;trustServerCertificate=true;
Nov 13, 2025 3:45:06 PM service.OllamaService <init>
INFO: Ollama Service initialized
Nov 13, 2025 3:45:06 PM service.OllamaService <init>
INFO: Flask API: http://localhost:5001/chat
Nov 13, 2025 3:45:06 PM service.OllamaService <init>
INFO: Ollama API: http://localhost:11434/api/generate
Nov 13, 2025 3:45:06 PM service.OllamaService generateChapterSummary
INFO: Generating summary for: Chương 1: Machine Learning Cơ bản
Nov 13, 2025 3:45:15 PM service.OllamaService generateChapterSummary
INFO: Summary generated in 8.8s (639 chars)
]]></system-err>
  </testcase>
  <testcase name="testGenerateMCQ" classname="service.OllamaServiceTest" time="80.425">
    <failure message="MCQ generation failed after 2 attempts: Invalid JSON from Ollama: Expected a &apos;,&apos; or &apos;]&apos; at 1401 [character 5 line 17]. Try regenerating or check Ollama output quality." type="org.opentest4j.AssertionFailedError"><![CDATA[org.opentest4j.AssertionFailedError: MCQ generation failed after 2 attempts: Invalid JSON from Ollama: Expected a ',' or ']' at 1401 [character 5 line 17]. Try regenerating or check Ollama output quality.
	at org.junit.jupiter.api.AssertionUtils.fail(AssertionUtils.java:38)
	at org.junit.jupiter.api.Assertions.fail(Assertions.java:138)
	at service.OllamaServiceTest.testGenerateMCQ(OllamaServiceTest.java:146)
	at java.base/java.lang.reflect.Method.invoke(Method.java:580)
	at java.base/java.util.ArrayList.forEach(ArrayList.java:1596)
	at java.base/java.util.ArrayList.forEach(ArrayList.java:1596)
]]></failure>
    <system-out><![CDATA[
Test 2: Generate MCQ...
Attempt 1 failed, retrying...
Attempt 2 failed, retrying...
Failed: MCQ generation failed after 2 attempts: Invalid JSON from Ollama: Expected a ',' or ']' at 1401 [character 5 line 17]. Try regenerating or check Ollama output quality.
]]></system-out>
    <system-err><![CDATA[Nov 13, 2025 3:45:15 PM service.OllamaService <init>
INFO: Ollama Service initialized
Nov 13, 2025 3:45:15 PM service.OllamaService <init>
INFO: Flask API: http://localhost:5001/chat
Nov 13, 2025 3:45:15 PM service.OllamaService <init>
INFO: Ollama API: http://localhost:11434/api/generate
Nov 13, 2025 3:45:15 PM service.OllamaService generateMCQ
INFO: Attempt 1/2 - Generating 3 MCQs...
Nov 13, 2025 3:45:27 PM service.OllamaService generateMCQ
INFO: MCQ response received in 11.7s
Nov 13, 2025 3:45:27 PM service.OllamaService parseMCQsFromJSON
SEVERE: JSON Parse Error: Expected a ',' or ']' at 1426 [character 5 line 17]
Nov 13, 2025 3:45:27 PM service.OllamaService parseMCQsFromJSON
SEVERE: Problematic JSON (first 500 chars):
Nov 13, 2025 3:45:27 PM service.OllamaService parseMCQsFromJSON
SEVERE: {
  "qas": [
    {
      "question": "Mô hình Machine Learning có dạng gì?\nA. Có nhãn và không có nhãn\nB. Có nhãn nhưng không có xử lý\nC. Không có nhãn và không có xử lý\nD. Có nhãn và có xử lý",
      "answer": "D. Có nhãn và có xử lý. Giải thích: Mô hình Machine Learning thường được chia thành 3 loại: supervised (có nhãn), unsupervised (không nhãn) và reinforcement (thưởng phạt).",
      "difficulty": "easy"
    },
    {
      "question": "Kích thước mẫu dữ liệu thường ảnh hưởng đến hiệu su
Nov 13, 2025 3:45:27 PM service.OllamaService generateMCQ
WARNING: Attempt 1 failed: Invalid JSON from Ollama: Expected a ',' or ']' at 1426 [character 5 line 17]. Try regenerating or check Ollama output quality.
Nov 13, 2025 3:45:27 PM service.OllamaService generateMCQ
INFO: Retrying in 3 seconds...
Nov 13, 2025 3:45:30 PM service.OllamaService generateMCQ
INFO: Attempt 2/2 - Generating 3 MCQs...
Nov 13, 2025 3:45:45 PM service.OllamaService generateMCQ
INFO: MCQ response received in 15.4s
Nov 13, 2025 3:45:45 PM service.OllamaService parseMCQsFromJSON
SEVERE: JSON Parse Error: Expected a ',' or ']' at 1820 [character 5 line 17]
Nov 13, 2025 3:45:45 PM service.OllamaService parseMCQsFromJSON
SEVERE: Problematic JSON (first 500 chars):
Nov 13, 2025 3:45:45 PM service.OllamaService parseMCQsFromJSON
SEVERE: {
  "qas": [
    {
      "question": "Machine Learning có thể được sử dụng cho những loại dữ liệu nào?\nA. Chỉ dữ liệu nhãn\nB. Đồng thời cả dữ liệu nhãn và không nhãn\nC. Chỉ dữ liệu không nhãn\nD. Không có dữ liệu",
      "answer": "B. Đồng thời cả dữ liệu nhãn và không nhãn. Giải thích: Machine Learning có thể được sử dụng cho cả dữ liệu nhãn và không nhãn.",
      "difficulty": "easy"
    },
    {
      "question": "Sự khác biệt chính giữa supervised và unsupervised learning là gì?\nA. Super
Nov 13, 2025 3:45:45 PM service.OllamaService generateMCQ
WARNING: Attempt 2 failed: Invalid JSON from Ollama: Expected a ',' or ']' at 1820 [character 5 line 17]. Try regenerating or check Ollama output quality.
Nov 13, 2025 3:45:45 PM service.OllamaService generateMCQ
SEVERE: Failed after 2 attempts
Nov 13, 2025 3:45:47 PM service.OllamaService generateMCQ
INFO: Attempt 1/2 - Generating 3 MCQs...
Nov 13, 2025 3:45:55 PM service.OllamaService generateMCQ
INFO: MCQ response received in 8.0s
Nov 13, 2025 3:45:55 PM service.OllamaService parseMCQsFromJSON
SEVERE: JSON Parse Error: Expected a ',' or '}' at 802 [character 3 line 13]
Nov 13, 2025 3:45:55 PM service.OllamaService parseMCQsFromJSON
SEVERE: Problematic JSON (first 500 chars):
Nov 13, 2025 3:45:55 PM service.OllamaService parseMCQsFromJSON
SEVERE: {
  "qas": [
    {
      "question": "Machine Learning gồm những loại nào?\nA. Supervised và unsupervised\nB. Reinforcement và supervised\nC. Supervised, reinforcement, và unsupervised\nD. Unsupervised và reinforcement",
      "answer": "C. Supervised, reinforcement, và unsupervised. Giải thích: ...",
      "difficulty": "medium"
    },
    {
      "question": "Nêu ra một ưu điểm của Machine Learning?\nA. Khả năng dự đoán chính xác\nB. Khả năng phân tích dữ liệu hiệu quả\nC. Khả năng học từ dữ l
Nov 13, 2025 3:45:55 PM service.OllamaService generateMCQ
WARNING: Attempt 1 failed: Invalid JSON from Ollama: Expected a ',' or '}' at 802 [character 3 line 13]. Try regenerating or check Ollama output quality.
Nov 13, 2025 3:45:55 PM service.OllamaService generateMCQ
INFO: Retrying in 3 seconds...
Nov 13, 2025 3:45:58 PM service.OllamaService generateMCQ
INFO: Attempt 2/2 - Generating 3 MCQs...
Nov 13, 2025 3:46:08 PM service.OllamaService generateMCQ
INFO: MCQ response received in 9.7s
Nov 13, 2025 3:46:08 PM service.OllamaService parseMCQsFromJSON
SEVERE: JSON Parse Error: Expected a ',' or ']' at 1108 [character 5 line 17]
Nov 13, 2025 3:46:08 PM service.OllamaService parseMCQsFromJSON
SEVERE: Problematic JSON (first 500 chars):
Nov 13, 2025 3:46:08 PM service.OllamaService parseMCQsFromJSON
SEVERE: {
  "qas": [
    {
      "question": "Đáp án nào là chính xác nhất để mô tả Machine Learning không được监督?\nA. Câu trả lời có phần thưởng\nB. Câu trả lời có phần thưởng và phạt\nC. Câu trả lời có phần thưởng nhưng không phạt\nD. Câu trả lời có cả phần thưởng và phạt",
      "answer": "B. Câu trả lời có phần thưởng và phạt. Giải thích: ...",
      "difficulty": "medium"
    },
    {
      "question": "Đáp án nào là đúng về tính chất của Machine Learning?\nA. chỉ được sử dụng trong nghiên cứu\nB. 
Nov 13, 2025 3:46:08 PM service.OllamaService generateMCQ
WARNING: Attempt 2 failed: Invalid JSON from Ollama: Expected a ',' or ']' at 1108 [character 5 line 17]. Try regenerating or check Ollama output quality.
Nov 13, 2025 3:46:08 PM service.OllamaService generateMCQ
SEVERE: Failed after 2 attempts
Nov 13, 2025 3:46:10 PM service.OllamaService generateMCQ
INFO: Attempt 1/2 - Generating 3 MCQs...
Nov 13, 2025 3:46:20 PM service.OllamaService generateMCQ
INFO: MCQ response received in 10.1s
Nov 13, 2025 3:46:20 PM service.OllamaService parseMCQsFromJSON
SEVERE: JSON Parse Error: Expected a ',' or ']' at 1164 [character 5 line 17]
Nov 13, 2025 3:46:20 PM service.OllamaService parseMCQsFromJSON
SEVERE: Problematic JSON (first 500 chars):
Nov 13, 2025 3:46:20 PM service.OllamaService parseMCQsFromJSON
SEVERE: {
  "qas": [
    {
      "question": "Machine Learning có thể được sử dụng trong phần mềm tìm kiếm của Google.\nA. Không\nB. Có\nc. Không nên\nD. Rất khó",
      "answer": "B. Có. Phần mềm tìm kiếm của Google sử dụng Machine Learning để cải thiện hiệu suất tìm kiếm.",
      "difficulty": "easy"
    },
    {
      "question": "Câu hỏi nào không phù hợp cho type supervised trong Machine Learning?\nA. Xác định hình dạng của ảnh\nB. Tự động hóa quy trình kinh doanh\nC. Phân tích dữ liệu lớn\nD. Xây 
Nov 13, 2025 3:46:20 PM service.OllamaService generateMCQ
WARNING: Attempt 1 failed: Invalid JSON from Ollama: Expected a ',' or ']' at 1164 [character 5 line 17]. Try regenerating or check Ollama output quality.
Nov 13, 2025 3:46:20 PM service.OllamaService generateMCQ
INFO: Retrying in 3 seconds...
Nov 13, 2025 3:46:23 PM service.OllamaService generateMCQ
INFO: Attempt 2/2 - Generating 3 MCQs...
Nov 13, 2025 3:46:35 PM service.OllamaService generateMCQ
INFO: MCQ response received in 12.4s
Nov 13, 2025 3:46:35 PM service.OllamaService parseMCQsFromJSON
SEVERE: JSON Parse Error: Expected a ',' or ']' at 1401 [character 5 line 17]
Nov 13, 2025 3:46:35 PM service.OllamaService parseMCQsFromJSON
SEVERE: Problematic JSON (first 500 chars):
Nov 13, 2025 3:46:35 PM service.OllamaService parseMCQsFromJSON
SEVERE: {
  "qas": [
    {
      "question": "Mô hình Machine Learning được phân loại thành 3 loại chính là gì?\nA. Supervised, Unsupervised, Reinforcement\nB. Supervised, Unsupervised, Gradient Descent\nC. Supervised, Unsupervised, Backpropagation\nD. Supervised, Unsupervised, Deep Learning",
      "answer": "A. Supervised, Unsupervised, Reinforcement. Giải thích: Mô hình này được phân loại thành ba loại chính dựa trên cách nó xử lý dữ liệu và tạo ra kết quả.",
      "difficulty": "easy"
    },
    {
 
Nov 13, 2025 3:46:35 PM service.OllamaService generateMCQ
WARNING: Attempt 2 failed: Invalid JSON from Ollama: Expected a ',' or ']' at 1401 [character 5 line 17]. Try regenerating or check Ollama output quality.
Nov 13, 2025 3:46:35 PM service.OllamaService generateMCQ
SEVERE: Failed after 2 attempts
]]></system-err>
  </testcase>
  <testcase name="testEvaluateAnswer" classname="service.OllamaServiceTest" time="4.15">
    <system-out><![CDATA[
Test 3: Evaluate User Answer...
Score: 80.0/100
Level: good
Correct: true
Feedback: Câu trả lời đúng về định nghĩa của Machine Learning. Tuy nhiên, có thể cải thiện...
Time: 4145ms
]]></system-out>
    <system-err><![CDATA[Nov 13, 2025 3:46:35 PM service.OllamaService <init>
INFO: Ollama Service initialized
Nov 13, 2025 3:46:35 PM service.OllamaService <init>
INFO: Flask API: http://localhost:5001/chat
Nov 13, 2025 3:46:35 PM service.OllamaService <init>
INFO: Ollama API: http://localhost:11434/api/generate
Nov 13, 2025 3:46:35 PM service.OllamaService evaluateUserAnswer
INFO: Evaluating user answer for difficulty: medium
Nov 13, 2025 3:46:40 PM service.OllamaService parseEvaluationResult
INFO: Evaluation completed: good (80.0/100)
]]></system-err>
  </testcase>
</testsuite>